Arguments: 
  /home/amit/.nvm/versions/node/v20.1.0/bin/node /usr/share/yarn/bin/yarn.js

PATH: 
  /home/amit/.nvm/versions/node/v20.1.0/bin:/home/amit/.local/bin:/usr/local/sbin:/usr/local/bin:/usr/sbin:/usr/bin:/sbin:/bin:/usr/games:/usr/local/games:/snap/bin:/snap/bin:/usr/bin/google-chrome:/usr/bin/google-chrome

Yarn version: 
  1.22.19

Node version: 
  20.1.0

Platform: 
  linux x64

Trace: 
  Error [ERR_SOCKET_CONNECTION_TIMEOUT]: Socket connection timeout
      at new NodeError (node:internal/errors:399:5)
      at internalConnectMultiple (node:net:1099:20)
      at Timeout.internalConnectMultipleTimeout (node:net:1638:3)
      at listOnTimeout (node:internal/timers:575:11)
      at process.processTimers (node:internal/timers:514:7)

npm manifest: 
  {
    "name": "e-commerce-app",
    "version": "1.0.0",
    "description": "ecommerce app",
    "main": "server.js",
    "type": "module",
    "scripts": {
      "start": "node server.js",
      "server": "nodemon server.js"
    },
    "keywords": [],
    "author": "asqre",
    "license": "MIT",
    "dependencies": {
      "colors": "^1.4.0",
      "dotenv": "^16.3.1",
      "express": "^4.18.2",
      "mongoose": "^7.4.1",
      "morgan": "^1.10.0",
      "nodemon": "^3.0.1"
    },
    "devDependencies": {}
  }

yarn manifest: 
  No manifest

Lockfile: 
  No lockfile
